<?xml version="1.0" encoding="UTF-8"?>
<robot generator="Robot 3.2.1 (Python 3.8.2 on darwin)" generated="20200521 10:41:39.341" rpa="false">
<suite id="s1" name="Amazon" source="/Users/raghav/PycharmProjects/Robot Framework Projects/amazon-locators/tests/Amazon.robot">
<test id="s1-t1" name="Search results page should contain 30 products">
<kw name="Begin Web Test" library="Common" type="setup">
<kw name="Open Browser" library="SeleniumLibrary">
<doc>Opens a new browser instance to the optional ``url``.</doc>
<arguments>
<arg>about:blank</arg>
<arg>${BROWSER}</arg>
</arguments>
<msg timestamp="20200521 10:41:39.891" level="INFO">Opening browser 'firefox' to base url 'about:blank'.</msg>
<msg timestamp="20200521 10:41:39.893" level="INFO">Firefox driver log is always forced to to: /Users/raghav/PycharmProjects/Robot Framework Projects/amazon-locators/results/geckodriver-2.log</msg>
<status status="PASS" starttime="20200521 10:41:39.890" endtime="20200521 10:41:45.575"></status>
</kw>
<kw name="Maximize Browser Window" library="SeleniumLibrary">
<doc>Maximizes current browser window.</doc>
<status status="PASS" starttime="20200521 10:41:45.576" endtime="20200521 10:41:46.073"></status>
</kw>
<status status="PASS" starttime="20200521 10:41:39.890" endtime="20200521 10:41:46.074"></status>
</kw>
<kw name="Search for Products" library="AmazonApp">
<arguments>
<arg>${SEARCH_TERM}</arg>
</arguments>
<kw name="Load" library="LandingPage">
<kw name="Go To" library="SeleniumLibrary">
<doc>Navigates the current browser window to the provided ``url``.</doc>
<arguments>
<arg>${START_URL}</arg>
</arguments>
<msg timestamp="20200521 10:41:46.077" level="INFO">Opening url 'https://www.amazon.com'</msg>
<status status="PASS" starttime="20200521 10:41:46.077" endtime="20200521 10:41:49.554"></status>
</kw>
<status status="PASS" starttime="20200521 10:41:46.076" endtime="20200521 10:41:49.555"></status>
</kw>
<kw name="Verify Page Loaded" library="LandingPage">
<kw name="Wait Until Page Contains" library="SeleniumLibrary">
<doc>Waits until ``text`` appears on the current page.</doc>
<arguments>
<arg>Today's Deals</arg>
</arguments>
<status status="PASS" starttime="20200521 10:41:49.557" endtime="20200521 10:41:49.594"></status>
</kw>
<status status="PASS" starttime="20200521 10:41:49.556" endtime="20200521 10:41:49.595"></status>
</kw>
<kw name="Search for Products" library="TopNav">
<arguments>
<arg>${SearchTerm}</arg>
</arguments>
<kw name="Enter Search Term" library="TopNav">
<arguments>
<arg>${SearchTerm}</arg>
</arguments>
<kw name="Input Text" library="SeleniumLibrary">
<doc>Types the given ``text`` into the text field identified by ``locator``.</doc>
<arguments>
<arg>${TOPNAV_SEARCH_BAR}</arg>
<arg>${SearchTerm}</arg>
</arguments>
<msg timestamp="20200521 10:41:49.598" level="INFO">Typing text 'Ferrari 458' into text field 'id=twotabsearchtextbox'.</msg>
<status status="PASS" starttime="20200521 10:41:49.597" endtime="20200521 10:41:49.665"></status>
</kw>
<status status="PASS" starttime="20200521 10:41:49.596" endtime="20200521 10:41:49.665"></status>
</kw>
<kw name="Submit Search" library="TopNav">
<kw name="Click Button" library="SeleniumLibrary">
<doc>Clicks the button identified by ``locator``.</doc>
<arguments>
<arg>${TOPNAV_SEARCH_BUTTON}</arg>
</arguments>
<msg timestamp="20200521 10:41:49.667" level="INFO">Clicking button 'xpath=//*[@id="nav-search"]/form/div[2]/div/input'.</msg>
<status status="PASS" starttime="20200521 10:41:49.666" endtime="20200521 10:41:52.549"></status>
</kw>
<status status="PASS" starttime="20200521 10:41:49.666" endtime="20200521 10:41:52.549"></status>
</kw>
<status status="PASS" starttime="20200521 10:41:49.595" endtime="20200521 10:41:52.550"></status>
</kw>
<kw name="Verify Search Completed" library="SearchResults">
<arguments>
<arg>${SearchTerm}</arg>
</arguments>
<kw name="Wait Until Page Contains" library="SeleniumLibrary">
<doc>Waits until ``text`` appears on the current page.</doc>
<arguments>
<arg>${SearchTerm}</arg>
</arguments>
<status status="PASS" starttime="20200521 10:41:52.551" endtime="20200521 10:41:53.429"></status>
</kw>
<status status="PASS" starttime="20200521 10:41:52.550" endtime="20200521 10:41:53.429"></status>
</kw>
<status status="PASS" starttime="20200521 10:41:46.075" endtime="20200521 10:41:53.430"></status>
</kw>
<kw name="Verify Results Page Contains Products" library="AmazonApp">
<arguments>
<arg>30</arg>
</arguments>
<kw name="Verify Product Count" library="SearchResults">
<arguments>
<arg>${ExpectedProductCount}</arg>
</arguments>
<kw name="xpath should match x times">
<arguments>
<arg>//li[contains(@id, "result_")]</arg>
<arg>${ExpectedProductCount}</arg>
</arguments>
<msg timestamp="20200521 10:41:53.445" level="FAIL">No keyword with name 'xpath should match x times' found.</msg>
<status status="FAIL" starttime="20200521 10:41:53.445" endtime="20200521 10:41:53.445"></status>
</kw>
<status status="FAIL" starttime="20200521 10:41:53.432" endtime="20200521 10:41:53.446"></status>
</kw>
<status status="FAIL" starttime="20200521 10:41:53.430" endtime="20200521 10:41:53.446"></status>
</kw>
<kw name="End Web Test" library="Common" type="teardown">
<kw name="Close All Browsers" library="SeleniumLibrary">
<doc>Closes all open browsers and resets the browser cache.</doc>
<status status="PASS" starttime="20200521 10:41:53.448" endtime="20200521 10:41:55.644"></status>
</kw>
<status status="PASS" starttime="20200521 10:41:53.447" endtime="20200521 10:41:55.644"></status>
</kw>
<tags>
<tag>Current</tag>
</tags>
<status status="FAIL" starttime="20200521 10:41:39.889" endtime="20200521 10:41:55.644" critical="yes">No keyword with name 'xpath should match x times' found.</status>
</test>
<doc>This is some basic info about the whole suite</doc>
<status status="FAIL" starttime="20200521 10:41:39.344" endtime="20200521 10:41:55.647"></status>
</suite>
<statistics>
<total>
<stat pass="0" fail="1">Critical Tests</stat>
<stat pass="0" fail="1">All Tests</stat>
</total>
<tag>
<stat pass="0" fail="1">Current</stat>
</tag>
<suite>
<stat pass="0" fail="1" id="s1" name="Amazon">Amazon</stat>
</suite>
</statistics>
<errors>
</errors>
</robot>
