<?xml version="1.0" encoding="UTF-8"?>
<robot generator="Robot 3.2.1 (Python 3.8.2 on darwin)" generated="20200521 17:24:16.516" rpa="false">
<suite id="s1" name="End to End" source="/Users/raghav/PycharmProjects/Robot Framework Projects/end-to-end/tests/EndToEnd/End_to_End.robot">
<test id="s1-t1" name="Should be able to access both sites">
<kw name="Begin Web Test" library="CommonWeb" type="setup">
<kw name="Open Browser" library="SeleniumLibrary">
<doc>Opens a new browser instance to the optional ``url``.</doc>
<arguments>
<arg>about:blank</arg>
<arg>${BROWSER}</arg>
</arguments>
<msg timestamp="20200521 17:24:17.094" level="INFO">Opening browser 'firefox' to base url 'about:blank'.</msg>
<msg timestamp="20200521 17:24:17.096" level="INFO">Firefox driver log is always forced to to: /Users/raghav/PycharmProjects/Robot Framework Projects/end-to-end/results/geckodriver-5.log</msg>
<kw name="Capture Page Screenshot" library="SeleniumLibrary">
<doc>Takes a screenshot of the current page and embeds it into a log file.</doc>
<msg timestamp="20200521 17:24:17.101" level="INFO">Cannot capture screenshot because no browser is open.</msg>
<status status="PASS" starttime="20200521 17:24:17.101" endtime="20200521 17:24:17.102"></status>
</kw>
<msg timestamp="20200521 17:24:17.114" level="FAIL">WebDriverException: Message: 'geckodriver' executable needs to be in PATH. 
</msg>
<status status="FAIL" starttime="20200521 17:24:17.094" endtime="20200521 17:24:17.115"></status>
</kw>
<status status="FAIL" starttime="20200521 17:24:17.093" endtime="20200521 17:24:17.115"></status>
</kw>
<kw name="End Web Test" library="CommonWeb" type="teardown">
<kw name="Close All Browsers" library="SeleniumLibrary">
<doc>Closes all open browsers and resets the browser cache.</doc>
<status status="PASS" starttime="20200521 17:24:17.116" endtime="20200521 17:24:17.116"></status>
</kw>
<status status="PASS" starttime="20200521 17:24:17.116" endtime="20200521 17:24:17.117"></status>
</kw>
<doc>This is test 1</doc>
<tags>
<tag>test1</tag>
</tags>
<status status="FAIL" starttime="20200521 17:24:17.092" endtime="20200521 17:24:17.117" critical="yes">Setup failed:
WebDriverException: Message: 'geckodriver' executable needs to be in PATH. 
</status>
</test>
<doc>This is my end to end suite</doc>
<status status="FAIL" starttime="20200521 17:24:16.519" endtime="20200521 17:24:17.117"></status>
</suite>
<statistics>
<total>
<stat pass="0" fail="1">Critical Tests</stat>
<stat pass="0" fail="1">All Tests</stat>
</total>
<tag>
<stat pass="0" fail="1">test1</stat>
</tag>
<suite>
<stat pass="0" fail="1" id="s1" name="End to End">End to End</stat>
</suite>
</statistics>
<errors>
</errors>
</robot>
